{"total": {"lines":{"total":565,"covered":174,"skipped":0,"pct":30.79},"statements":{"total":669,"covered":203,"skipped":0,"pct":30.34},"functions":{"total":180,"covered":65,"skipped":0,"pct":36.11},"branches":{"total":528,"covered":141,"skipped":0,"pct":26.7},"branchesTrue":{"total":0,"covered":0,"skipped":0,"pct":100}}
,"D:\\Assistant\\dsh-plugin\\workspace-scope\\src\\index.ts": {"lines":{"total":213,"covered":22,"skipped":0,"pct":10.32},"functions":{"total":44,"covered":9,"skipped":0,"pct":20.45},"statements":{"total":245,"covered":32,"skipped":0,"pct":13.06},"branches":{"total":198,"covered":28,"skipped":0,"pct":14.14}}
,"D:\\Assistant\\dsh-plugin\\workspace-scope\\src\\client\\dynamic.tsx": {"lines":{"total":176,"covered":0,"skipped":0,"pct":0},"functions":{"total":68,"covered":0,"skipped":0,"pct":0},"statements":{"total":212,"covered":0,"skipped":0,"pct":0},"branches":{"total":165,"covered":0,"skipped":0,"pct":0}}
,"D:\\Assistant\\dsh-plugin\\workspace-scope\\src\\client\\index.tsx": {"lines":{"total":176,"covered":152,"skipped":0,"pct":86.36},"functions":{"total":68,"covered":56,"skipped":0,"pct":82.35},"statements":{"total":212,"covered":171,"skipped":0,"pct":80.66},"branches":{"total":165,"covered":113,"skipped":0,"pct":68.48}}
}
